<?xml version="1.0" encoding="UTF-8"?>
<!-- Generated by org.testng.reporters.JUnitReportReporter -->
<testsuite skipped="0" hostname="BCATKAR022" name="test.ApiPageTest" tests="1" failures="0" timestamp="20 Kas 2020 09:37:52 GMT" time="0.540" errors="0">
  <testcase name="test" time="0.540" classname="test.ApiPageTest"/>
</testsuite> <!-- test.ApiPageTest -->
