<?xml version="1.0" encoding="UTF-8"?>
<!-- Generated by org.testng.reporters.JUnitReportReporter -->
<testsuite skipped="0" hostname="BCATKAR022" name="test.HomePageTest" tests="1" failures="0" timestamp="20 Kas 2020 09:37:52 GMT" time="35.632" errors="0">
  <testcase name="HomePageTest" time="35.632" classname="test.HomePageTest"/>
</testsuite> <!-- test.HomePageTest -->
