<?xml version="1.0" encoding="UTF-8"?>
<!-- Generated by org.testng.reporters.JUnitReportReporter -->
<testsuite skipped="0" hostname="BCATKAR022" name="test.ApiPageTest" tests="1" failures="0" timestamp="19 Kas 2020 11:55:03 GMT" time="1.840" errors="0">
  <testcase name="test" time="1.840" classname="test.ApiPageTest"/>
</testsuite> <!-- test.ApiPageTest -->
